<?xml version="1.0" encoding="UTF-8"?>
<!-- Generated by org.testng.reporters.JUnitXMLReporter -->
<testsuite ignored="0" hostname="Sandhya" failures="0" tests="1" name="Regression1" time="2.085" errors="0" timestamp="2020-09-23T18:02:45 CDT">
  <testcase classname="webapp.tests.CheckYourRateTests" name="@BeforeTest beforeClass" time="2.023">
    <failure type="java.lang.NullPointerException" message="Cannot invoke &amp;quot;org.openqa.selenium.WebDriver.get(String)&amp;quot; because &amp;quot;this.driver&amp;quot; is null">
      <![CDATA[java.lang.NullPointerException: Cannot invoke "org.openqa.selenium.WebDriver.get(String)" because "this.driver" is null
at webapp.tests.TestSetup.openWebPage(TestSetup.java:30)
at webapp.tests.CheckYourRateTests.beforeClass(CheckYourRateTests.java:22)
... Removed 24 stack frames]]>
    </failure>
  </testcase> <!-- @BeforeTest beforeClass -->
  <testcase classname="webapp.tests.CheckYourRateTests" name="@AfterTest afterClass" time="-1.600902165384E9">
    <skipped/>
  </testcase> <!-- @AfterTest afterClass -->
  <testcase classname="webapp.tests.CheckYourRateTests" name="VerifyMandatoryFields" time="0.0">
    <skipped/>
  </testcase> <!-- VerifyMandatoryFields -->
</testsuite> <!-- Regression1 -->
