<?xml version="1.0" encoding="UTF-8"?>
<!-- Generated by org.testng.reporters.JUnitXMLReporter -->
<testsuite ignored="0" hostname="Sandhya" failures="0" tests="3" name="Functional-APITests" time="11.837" errors="0" timestamp="2020-09-27T16:32:35 CDT">
  <testcase classname="webservice.tests.APITests" name="apiInvalidParameterTest" time="6.135"/>
  <testcase classname="webservice.tests.APITests" name="apiSuccessfulResponseTest" time="4.002"/>
  <testcase classname="webservice.tests.APITests" name="apiValidStatusResponseTest" time="1.655"/>
</testsuite> <!-- Functional-APITests -->
