<?xml version="1.0" encoding="UTF-8"?>
<!-- Generated by org.testng.reporters.JUnitXMLReporter -->
<testsuite ignored="0" hostname="Sandhya" failures="0" tests="2" name="Functional-CreateAndValidateOfferTests" time="67.695" errors="0" timestamp="2020-09-27T16:32:12 CDT">
  <testcase classname="webapp.tests.CreateAndValidateOfferTests" name="CreateOfferTest" time="30.91"/>
  <testcase classname="webapp.tests.CreateAndValidateOfferTests" name="ValidateOfferTests" time="21.353"/>
</testsuite> <!-- Functional-CreateAndValidateOfferTests -->
